<?xml version="1.0" encoding="UTF-8"?>
<!-- Generated by org.testng.reporters.JUnitReportReporter -->
<testsuite hostname="kazeem" failures="0" tests="3" name="testcases.search" time="18.623" errors="0" timestamp="2023-05-28T00:04:49 BST" skipped="0">
  <testcase classname="testcases.search" name="VrifySearchWithaValidProduct" time="6.788"/>
  <system-out/>
  <testcase classname="testcases.search" name="VerifySearchWithInvalidProducts" time="5.937"/>
  <system-out/>
  <testcase classname="testcases.search" name="VerifySearchWithoutAnyProduct" time="5.898"/>
  <system-out/>
</testsuite> <!-- testcases.search -->
